2022-08-19 16:51:30 [INFO] Starting minecraft server version 1.5.2
2022-08-19 16:51:30 [INFO] Loading properties
2022-08-19 16:51:30 [INFO] Default game type: SURVIVAL
2022-08-19 16:51:30 [INFO] Generating keypair
2022-08-19 16:51:30 [INFO] Starting Minecraft server on 127.0.0.1:25569
2022-08-19 16:51:30 [INFO] This server is running CraftBukkit version git-Bukkit-1.5.2-R1.0-b2788jnks (MC: 1.5.2) (Implementing API version 1.5.2-R1.0)
2022-08-19 16:51:30 [WARNING] Failed to load operators list: java.io.FileNotFoundException: .\ops.txt (The system cannot find the file specified)
2022-08-19 16:51:30 [WARNING] Failed to load white-list: java.io.FileNotFoundException: .\white-list.txt (The system cannot find the file specified)
2022-08-19 16:51:30 [WARNING] **** SERVER IS RUNNING IN OFFLINE/INSECURE MODE!
2022-08-19 16:51:30 [WARNING] The server will make no attempt to authenticate usernames. Beware.
2022-08-19 16:51:30 [WARNING] While this makes the game possible to play without internet access, it also opens up the ability for hackers to connect with any username they choose.
2022-08-19 16:51:30 [WARNING] To change this, set "online-mode" to "true" in the server.properties file.
2022-08-19 16:51:30 [INFO] Preparing level "world"
2022-08-19 16:51:31 [INFO] Preparing start region for level 0 (Seed: 8119001090708563393)
2022-08-19 16:51:31 [SEVERE] Exception in thread "Thread-5" 
2022-08-19 16:51:31 [SEVERE] org.bukkit.craftbukkit.libs.com.google.gson.JsonSyntaxException: java.lang.IllegalStateException: Expected BEGIN_OBJECT but was STRING at line 1 column 7

2022-08-19 16:51:31 [SEVERE] 	at org.bukkit.craftbukkit.libs.com.google.gson.internal.bind.ReflectiveTypeAdapterFactory$Adapter.read(ReflectiveTypeAdapterFactory.java:180)

2022-08-19 16:51:31 [SEVERE] 	at org.bukkit.craftbukkit.libs.com.google.gson.Gson.fromJson(Gson.java:755)

2022-08-19 16:51:31 [SEVERE] 	at org.bukkit.craftbukkit.libs.com.google.gson.Gson.fromJson(Gson.java:694)

2022-08-19 16:51:31 [SEVERE] 	at org.bukkit.craftbukkit.v1_5_R3.updater.BukkitDLUpdaterService.fetchArtifact(BukkitDLUpdaterService.java:51)

2022-08-19 16:51:31 [SEVERE] 	at org.bukkit.craftbukkit.v1_5_R3.updater.BukkitDLUpdaterService.getArtifact(BukkitDLUpdaterService.java:28)

2022-08-19 16:51:31 [SEVERE] 	at org.bukkit.craftbukkit.v1_5_R3.updater.AutoUpdater$1.run(AutoUpdater.java:77)

2022-08-19 16:51:31 [SEVERE] Caused by: java.lang.IllegalStateException: Expected BEGIN_OBJECT but was STRING at line 1 column 7

2022-08-19 16:51:31 [SEVERE] 	at org.bukkit.craftbukkit.libs.com.google.gson.stream.JsonReader.expect(JsonReader.java:339)

2022-08-19 16:51:31 [SEVERE] 	at org.bukkit.craftbukkit.libs.com.google.gson.stream.JsonReader.beginObject(JsonReader.java:322)

2022-08-19 16:51:31 [SEVERE] 	at org.bukkit.craftbukkit.libs.com.google.gson.internal.bind.ReflectiveTypeAdapterFactory$Adapter.read(ReflectiveTypeAdapterFactory.java:168)

2022-08-19 16:51:31 [SEVERE] 	... 5 more

2022-08-19 16:51:32 [INFO] Preparing spawn area: 4%
2022-08-19 16:51:33 [INFO] Preparing spawn area: 16%
2022-08-19 16:51:34 [INFO] Preparing spawn area: 37%
2022-08-19 16:51:35 [INFO] Preparing spawn area: 49%
2022-08-19 16:51:36 [INFO] Preparing spawn area: 70%
2022-08-19 16:51:37 [INFO] Preparing spawn area: 95%
2022-08-19 16:51:37 [INFO] Preparing start region for level 1 (Seed: 8119001090708563393)
2022-08-19 16:51:38 [INFO] Preparing spawn area: 12%
2022-08-19 16:51:39 [INFO] Preparing spawn area: 49%
2022-08-19 16:51:40 [INFO] Preparing spawn area: 83%
2022-08-19 16:51:41 [INFO] Preparing start region for level 2 (Seed: 8119001090708563393)
2022-08-19 16:51:41 [INFO] Preparing spawn area: 12%
2022-08-19 16:51:42 [INFO] Preparing spawn area: 70%
2022-08-19 16:51:42 [INFO] Server permissions file permissions.yml is empty, ignoring it
2022-08-19 16:51:42 [INFO] Done (12.070s)! For help, type "help" or "?"
2022-08-19 16:51:43 [INFO] Crash Loop Detector is Running! (30sec)

2022-08-19 16:51:43 [INFO] To increase, add "--crashTimeout [sec]" to the program's arguments

